<?xml version="1.0" encoding="UTF-8"?>
<!-- Generated by org.testng.reporters.JUnitReportReporter -->
<testsuite hostname="L-DEE-B710W93" failures="0" tests="3" name="tests.SearchForOwnerTest" time="2.513" errors="0" timestamp="2022-02-10T21:34:20 CET" skipped="0">
  <testcase classname="tests.SearchForOwnerTest" name="testUniqueOwner" time="0.808"/>
  <system-out/>
  <testcase classname="tests.SearchForOwnerTest" name="testNonUniqueOwner" time="1.466"/>
  <system-out/>
  <testcase classname="tests.SearchForOwnerTest" name="userCannotSearchForNotPresentOwner" time="0.239"/>
  <system-out/>
</testsuite> <!-- tests.SearchForOwnerTest -->
