<?xml version="1.0" encoding="UTF-8"?>
<!-- Generated by org.testng.reporters.JUnitReportReporter -->
<testsuite hostname="L-DEE-B710W93" failures="0" tests="5" name="tests.AddOwnersTest" time="4.312" errors="0" timestamp="2022-02-10T21:10:51 CET" skipped="0">
  <testcase classname="tests.AddOwnersTest" name="userCannotAddOwnerInCaseTelephoneFieldContainsStrings" time="0.722"/>
  <system-out/>
  <testcase classname="tests.AddOwnersTest" name="userCannotAddOwnerInCaseThatRequiredFieldsAreBalnk" time="0.902"/>
  <system-out/>
  <testcase classname="tests.AddOwnersTest" name="userCannotAddOwnerInCaseTelephoneFieldContainsMoreThan10Intigers" time="0.648"/>
  <system-out/>
  <testcase classname="tests.AddOwnersTest" name="validateThatErrorMesssageDisplayInFirstNameButNotOnOtherFieldsUsingThrowsExceptionAndReadingExceptionName" time="0.768"/>
  <system-out/>
  <testcase classname="tests.AddOwnersTest" name="UserCanAddOwnerSuccessfully" time="1.272"/>
  <system-out/>
</testsuite> <!-- tests.AddOwnersTest -->
