<?xml version="1.0" encoding="UTF-8"?>
<!-- Generated by org.testng.reporters.JUnitReportReporter -->
<testsuite hostname="L-DEE-B710W93" failures="0" tests="1" name="runner.TestRunner" time="2.624" errors="0" timestamp="2022-02-25T16:15:51 CET" skipped="0">
  <testcase classname="runner.TestRunner" name="feature" time="2.624"/>
  <system-out/>
</testsuite> <!-- runner.TestRunner -->
