<?xml version="1.0" encoding="UTF-8"?>
<!-- Generated by org.testng.reporters.JUnitReportReporter -->
<testsuite hostname="L-DEE-B710W93" failures="0" tests="3" name="tests.NewVisitTest" time="6.701" errors="0" timestamp="2022-02-15T09:53:15 CET" skipped="0">
  <testcase classname="tests.NewVisitTest" name="cannotAddVisitDFNotCorrect" time="2.304"/>
  <system-out/>
  <testcase classname="tests.NewVisitTest" name="userCanAddVisit" time="2.266"/>
  <system-out/>
  <testcase classname="tests.NewVisitTest" name="cannotAddVisitRequiredFieldBlank" time="2.131"/>
  <system-out/>
</testsuite> <!-- tests.NewVisitTest -->
