<?xml version="1.0" encoding="UTF-8"?>
<!-- Generated by org.testng.reporters.JUnitReportReporter -->
<testsuite hostname="L-DEE-B710W93" failures="0" tests="3" name="tests.AddNewPetTest" time="4.474" errors="0" timestamp="2022-02-14T21:55:15 CET" skipped="0">
  <testcase classname="tests.AddNewPetTest" name="cannotAddPetFieldsBlank" time="1.403"/>
  <system-out/>
  <testcase classname="tests.AddNewPetTest" name="userCanAddPetWithUniqeName" time="1.560"/>
  <system-out/>
  <testcase classname="tests.AddNewPetTest" name="cannotAddPetDFNotCorrect" time="1.511"/>
  <system-out/>
</testsuite> <!-- tests.AddNewPetTest -->
